<?xml version="1.0" encoding="UTF-8"?>
<!-- Generated by org.testng.reporters.JUnitReportReporter -->
<testsuite hostname="DESKTOP-9IRHC8N" name="autoscripts.ProductTest" tests="14" failures="0" timestamp="7 Jan 2023 16:11:46 GMT" time="145.471" errors="0">
  <testcase name="verifyingAddProductTC11" time="7.304" classname="autoscripts.ProductTest"/>
  <testcase name="withoutQuantityTC09" time="12.260" classname="autoscripts.ProductTest"/>
  <testcase name="withoutProductNameTC07" time="13.860" classname="autoscripts.ProductTest"/>
  <testcase name="withoutTaxTC10" time="12.302" classname="autoscripts.ProductTest"/>
  <testcase name="withoutUnitTC08" time="11.331" classname="autoscripts.ProductTest"/>
  <testcase name="uploadImageTC05" time="6.520" classname="autoscripts.ProductTest"/>
  <testcase name="verifyProductNameTC12" time="4.466" classname="autoscripts.ProductTest"/>
  <testcase name="addUnitUsingIconTC03" time="39.888" classname="autoscripts.ProductTest"/>
  <testcase name="verifyingCategoryTC14" time="3.665" classname="autoscripts.ProductTest"/>
  <testcase name="verifyingBrandTC15" time="3.709" classname="autoscripts.ProductTest"/>
  <testcase name="deletingProductTC16" time="8.573" classname="autoscripts.ProductTest"/>
  <testcase name="addBrandUsingIconTC04" time="8.610" classname="autoscripts.ProductTest"/>
  <testcase name="variableProductTypeTC06" time="9.430" classname="autoscripts.ProductTest"/>
  <testcase name="verifyingSellingPriceTC13" time="3.553" classname="autoscripts.ProductTest"/>
</testsuite> <!-- autoscripts.ProductTest -->
