<?xml version="1.0" encoding="UTF-8"?>
<!-- Generated by org.testng.reporters.JUnitReportReporter -->
<testsuite hostname="DESKTOP-9IRHC8N" name="autoscripts.ProductMandatoryTest" tests="4" failures="0" timestamp="21 Dec 2022 12:09:27 GMT" time="53.445" errors="0">
  <testcase name="withoutUnitTC10" time="12.063" classname="autoscripts.ProductMandatoryTest"/>
  <testcase name="withoutQuantityTC11" time="12.175" classname="autoscripts.ProductMandatoryTest"/>
  <testcase name="withoutTaxTC12" time="12.078" classname="autoscripts.ProductMandatoryTest"/>
  <testcase name="withoutProductNameTC09" time="17.129" classname="autoscripts.ProductMandatoryTest"/>
</testsuite> <!-- autoscripts.ProductMandatoryTest -->
