<?xml version="1.0" encoding="UTF-8"?>
<!-- Generated by org.testng.reporters.JUnitReportReporter -->
<testsuite hostname="DESKTOP-9IRHC8N" name="autoscripts.PurchaseTest" tests="14" failures="0" timestamp="7 Jan 2023 16:11:46 GMT" time="139.906" errors="0">
  <testcase name="uploadImageTC17" time="14.147" classname="autoscripts.PurchaseTest"/>
  <testcase name="withoutPurchaseStatusTC22" time="25.058" classname="autoscripts.PurchaseTest"/>
  <testcase name="withoutAddProductTC24" time="12.162" classname="autoscripts.PurchaseTest"/>
  <testcase name="SelectingChequePaymentTC19" time="3.358" classname="autoscripts.PurchaseTest"/>
  <testcase name="verifyPurchaseStatusTC28" time="3.391" classname="autoscripts.PurchaseTest"/>
  <testcase name="withoutLocationTC23" time="18.418" classname="autoscripts.PurchaseTest"/>
  <testcase name="deletePurchaseTC30" time="5.318" classname="autoscripts.PurchaseTest"/>
  <testcase name="verifyingAddSupplierTC26" time="12.746" classname="autoscripts.PurchaseTest"/>
  <testcase name="verifySupplierNameTC27" time="3.330" classname="autoscripts.PurchaseTest"/>
  <testcase name="SelectingBankPaymentTC20" time="3.588" classname="autoscripts.PurchaseTest"/>
  <testcase name="verifyLocationTC29" time="3.428" classname="autoscripts.PurchaseTest"/>
  <testcase name="SelectingCardPaymentTC18" time="5.495" classname="autoscripts.PurchaseTest"/>
  <testcase name="withoutSupplierNameTC21" time="18.681" classname="autoscripts.PurchaseTest"/>
  <testcase name="withoutAmountTC25" time="10.786" classname="autoscripts.PurchaseTest"/>
</testsuite> <!-- autoscripts.PurchaseTest -->
