<?xml version="1.0" encoding="UTF-8"?>
<!-- Generated by org.testng.reporters.JUnitReportReporter -->
<testsuite hostname="DESKTOP-9IRHC8N" name="autoscripts.LoginTest" tests="2" failures="0" timestamp="7 Jan 2023 16:11:46 GMT" time="9.747" errors="0">
  <testcase name="invalidLoginTC02" time="2.368" classname="autoscripts.LoginTest"/>
  <testcase name="validLoginTC01" time="7.379" classname="autoscripts.LoginTest"/>
</testsuite> <!-- autoscripts.LoginTest -->
